  Payment.Contract -> D:\C#\ClockTimeout\src\Shared\Contracts\Payment.Contract\bin\Debug\net10.0\Payment.Contract.dll
  Common -> D:\C#\ClockTimeout\src\Shared\Common\bin\Debug\net10.0\Common.dll
  BuildingBlocks -> D:\C#\ClockTimeout\src\Shared\BuildingBlocks\bin\Debug\net10.0\BuildingBlocks.dll
  Payment.Domain -> D:\C#\ClockTimeout\src\Services\Payment\Core\Payment.Domain\bin\Debug\net10.0\Payment.Domain.dll
  Payment.Application -> D:\C#\ClockTimeout\src\Services\Payment\Core\Payment.Application\bin\Debug\net10.0\Payment.Application.dll
  Payment.Infrastructure -> D:\C#\ClockTimeout\src\Services\Payment\Core\Payment.Infrastructure\bin\Debug\net10.0\Payment.Infrastructure.dll
  Payment.Worker -> D:\C#\ClockTimeout\src\Services\Payment\Worker\Payment.Worker\bin\Debug\net10.0\Payment.Worker.dll
  Payment.Api -> D:\C#\ClockTimeout\src\Services\Payment\Api\Payment.Api\bin\Debug\net10.0\Payment.Api.dll
D:\C#\ClockTimeout\src\Services\Payment\Test\PaymentUnitTest\Application\Commands\RefundPaymentCommandTests.cs(109,27): error CS7036: There is no argument given that corresponds to the required parameter 'Actor' of 'RefundPaymentCommand.RefundPaymentCommand(Guid, string, Actor)' [D:\C#\ClockTimeout\src\Services\Payment\Test\PaymentUnitTest\PaymentUnitTest.csproj]
D:\C#\ClockTimeout\src\Services\Payment\Test\PaymentUnitTest\Application\Commands\RefundPaymentCommandTests.cs(122,27): error CS7036: There is no argument given that corresponds to the required parameter 'Actor' of 'RefundPaymentCommand.RefundPaymentCommand(Guid, string, Actor)' [D:\C#\ClockTimeout\src\Services\Payment\Test\PaymentUnitTest\PaymentUnitTest.csproj]
D:\C#\ClockTimeout\src\Services\Payment\Test\PaymentUnitTest\Application\Commands\RefundPaymentCommandTests.cs(135,27): error CS7036: There is no argument given that corresponds to the required parameter 'Actor' of 'RefundPaymentCommand.RefundPaymentCommand(Guid, string, Actor)' [D:\C#\ClockTimeout\src\Services\Payment\Test\PaymentUnitTest\PaymentUnitTest.csproj]
D:\C#\ClockTimeout\src\Services\Payment\Test\PaymentUnitTest\Application\Commands\RefundPaymentCommandTests.cs(149,27): error CS7036: There is no argument given that corresponds to the required parameter 'Actor' of 'RefundPaymentCommand.RefundPaymentCommand(Guid, string, Actor)' [D:\C#\ClockTimeout\src\Services\Payment\Test\PaymentUnitTest\PaymentUnitTest.csproj]
D:\C#\ClockTimeout\src\Services\Payment\Test\PaymentUnitTest\Application\Commands\RefundPaymentCommandTests.cs(20,24): error CS7036: There is no argument given that corresponds to the required parameter 'gatewayFactory' of 'RefundPaymentCommandHandler.RefundPaymentCommandHandler(IPaymentRepository, IPaymentGatewayFactory, IUnitOfWork)' [D:\C#\ClockTimeout\src\Services\Payment\Test\PaymentUnitTest\PaymentUnitTest.csproj]
D:\C#\ClockTimeout\src\Services\Payment\Test\PaymentUnitTest\Application\Commands\RefundPaymentCommandTests.cs(41,73): error CS1503: Argument 3: cannot convert from 'string' to 'Common.ValueObjects.Actor' [D:\C#\ClockTimeout\src\Services\Payment\Test\PaymentUnitTest\PaymentUnitTest.csproj]
D:\C#\ClockTimeout\src\Services\Payment\Test\PaymentUnitTest\Application\Commands\RefundPaymentCommandTests.cs(62,27): error CS7036: There is no argument given that corresponds to the required parameter 'Actor' of 'RefundPaymentCommand.RefundPaymentCommand(Guid, string, Actor)' [D:\C#\ClockTimeout\src\Services\Payment\Test\PaymentUnitTest\PaymentUnitTest.csproj]
D:\C#\ClockTimeout\src\Services\Payment\Test\PaymentUnitTest\Application\Commands\RefundPaymentCommandTests.cs(83,27): error CS7036: There is no argument given that corresponds to the required parameter 'Actor' of 'RefundPaymentCommand.RefundPaymentCommand(Guid, string, Actor)' [D:\C#\ClockTimeout\src\Services\Payment\Test\PaymentUnitTest\PaymentUnitTest.csproj]
D:\C#\ClockTimeout\src\Services\Payment\Test\PaymentUnitTest\Endpoints\PaymentActionsEndpointTests.cs(291,19): error CS1061: 'RefundPaymentCommand' does not contain a definition for 'RefundReason' and no accessible extension method 'RefundReason' accepting a first argument of type 'RefundPaymentCommand' could be found (are you missing a using directive or an assembly reference?) [D:\C#\ClockTimeout\src\Services\Payment\Test\PaymentUnitTest\PaymentUnitTest.csproj]
D:\C#\ClockTimeout\src\Services\Payment\Test\PaymentUnitTest\Endpoints\PaymentActionsEndpointTests.cs(292,19): error CS1061: 'RefundPaymentCommand' does not contain a definition for 'RefundTransactionId' and no accessible extension method 'RefundTransactionId' accepting a first argument of type 'RefundPaymentCommand' could be found (are you missing a using directive or an assembly reference?) [D:\C#\ClockTimeout\src\Services\Payment\Test\PaymentUnitTest\PaymentUnitTest.csproj]

Build FAILED.

D:\C#\ClockTimeout\src\Services\Payment\Test\PaymentUnitTest\Application\Commands\RefundPaymentCommandTests.cs(109,27): error CS7036: There is no argument given that corresponds to the required parameter 'Actor' of 'RefundPaymentCommand.RefundPaymentCommand(Guid, string, Actor)' [D:\C#\ClockTimeout\src\Services\Payment\Test\PaymentUnitTest\PaymentUnitTest.csproj]
D:\C#\ClockTimeout\src\Services\Payment\Test\PaymentUnitTest\Application\Commands\RefundPaymentCommandTests.cs(122,27): error CS7036: There is no argument given that corresponds to the required parameter 'Actor' of 'RefundPaymentCommand.RefundPaymentCommand(Guid, string, Actor)' [D:\C#\ClockTimeout\src\Services\Payment\Test\PaymentUnitTest\PaymentUnitTest.csproj]
D:\C#\ClockTimeout\src\Services\Payment\Test\PaymentUnitTest\Application\Commands\RefundPaymentCommandTests.cs(135,27): error CS7036: There is no argument given that corresponds to the required parameter 'Actor' of 'RefundPaymentCommand.RefundPaymentCommand(Guid, string, Actor)' [D:\C#\ClockTimeout\src\Services\Payment\Test\PaymentUnitTest\PaymentUnitTest.csproj]
D:\C#\ClockTimeout\src\Services\Payment\Test\PaymentUnitTest\Application\Commands\RefundPaymentCommandTests.cs(149,27): error CS7036: There is no argument given that corresponds to the required parameter 'Actor' of 'RefundPaymentCommand.RefundPaymentCommand(Guid, string, Actor)' [D:\C#\ClockTimeout\src\Services\Payment\Test\PaymentUnitTest\PaymentUnitTest.csproj]
D:\C#\ClockTimeout\src\Services\Payment\Test\PaymentUnitTest\Application\Commands\RefundPaymentCommandTests.cs(20,24): error CS7036: There is no argument given that corresponds to the required parameter 'gatewayFactory' of 'RefundPaymentCommandHandler.RefundPaymentCommandHandler(IPaymentRepository, IPaymentGatewayFactory, IUnitOfWork)' [D:\C#\ClockTimeout\src\Services\Payment\Test\PaymentUnitTest\PaymentUnitTest.csproj]
D:\C#\ClockTimeout\src\Services\Payment\Test\PaymentUnitTest\Application\Commands\RefundPaymentCommandTests.cs(41,73): error CS1503: Argument 3: cannot convert from 'string' to 'Common.ValueObjects.Actor' [D:\C#\ClockTimeout\src\Services\Payment\Test\PaymentUnitTest\PaymentUnitTest.csproj]
D:\C#\ClockTimeout\src\Services\Payment\Test\PaymentUnitTest\Application\Commands\RefundPaymentCommandTests.cs(62,27): error CS7036: There is no argument given that corresponds to the required parameter 'Actor' of 'RefundPaymentCommand.RefundPaymentCommand(Guid, string, Actor)' [D:\C#\ClockTimeout\src\Services\Payment\Test\PaymentUnitTest\PaymentUnitTest.csproj]
D:\C#\ClockTimeout\src\Services\Payment\Test\PaymentUnitTest\Application\Commands\RefundPaymentCommandTests.cs(83,27): error CS7036: There is no argument given that corresponds to the required parameter 'Actor' of 'RefundPaymentCommand.RefundPaymentCommand(Guid, string, Actor)' [D:\C#\ClockTimeout\src\Services\Payment\Test\PaymentUnitTest\PaymentUnitTest.csproj]
D:\C#\ClockTimeout\src\Services\Payment\Test\PaymentUnitTest\Endpoints\PaymentActionsEndpointTests.cs(291,19): error CS1061: 'RefundPaymentCommand' does not contain a definition for 'RefundReason' and no accessible extension method 'RefundReason' accepting a first argument of type 'RefundPaymentCommand' could be found (are you missing a using directive or an assembly reference?) [D:\C#\ClockTimeout\src\Services\Payment\Test\PaymentUnitTest\PaymentUnitTest.csproj]
D:\C#\ClockTimeout\src\Services\Payment\Test\PaymentUnitTest\Endpoints\PaymentActionsEndpointTests.cs(292,19): error CS1061: 'RefundPaymentCommand' does not contain a definition for 'RefundTransactionId' and no accessible extension method 'RefundTransactionId' accepting a first argument of type 'RefundPaymentCommand' could be found (are you missing a using directive or an assembly reference?) [D:\C#\ClockTimeout\src\Services\Payment\Test\PaymentUnitTest\PaymentUnitTest.csproj]
    0 Warning(s)
    10 Error(s)

Time Elapsed 00:00:04.06
